<?xml version="1.0" encoding="UTF-8"?>
<!-- Generated by org.testng.reporters.JUnitReportReporter -->
<testsuite hostname="DESKTOP-QD7MF90" failures="0" tests="1" name="com.vtiger.practice.CreateProductsTest" time="23.013" errors="0" timestamp="2022-06-03T12:34:06 IST" skipped="0">
  <testcase classname="com.vtiger.practice.CreateProductsTest" name="createOrganisationByExcelAndPFTest" time="23.013"/>
  <system-out/>
</testsuite> <!-- com.vtiger.practice.CreateProductsTest -->
