<?xml version="1.0" encoding="UTF-8"?>
<!-- Generated by org.testng.reporters.JUnitReportReporter -->
<testsuite hostname="DESKTOP-QD7MF90" failures="0" tests="1" name="com.vtiger.contactsTest.CreateContactAndvalidateInExcel" time="51.911" errors="0" timestamp="2022-05-18T16:26:57 IST" skipped="0">
  <testcase classname="com.vtiger.contactsTest.CreateContactAndvalidateInExcel" name="createContactAndvalidateInExcel" time="51.911"/>
  <system-out/>
</testsuite> <!-- com.vtiger.contactsTest.CreateContactAndvalidateInExcel -->
