<?xml version="1.0" encoding="UTF-8"?>
<!-- Generated by org.testng.reporters.JUnitReportReporter -->
<testsuite hostname="DESKTOP-QD7MF90" failures="0" tests="1" name="com.vtiger.organisationTest.CreateOrganizationinIndustryTest" time="45.377" errors="0" timestamp="2022-05-18T15:51:31 IST" skipped="0">
  <testcase classname="com.vtiger.organisationTest.CreateOrganizationinIndustryTest" name="createOrganizationinIndustryTest" time="45.377"/>
  <system-out/>
</testsuite> <!-- com.vtiger.organisationTest.CreateOrganizationinIndustryTest -->
