<?xml version="1.0" encoding="UTF-8"?>
<!-- Generated by org.testng.reporters.JUnitReportReporter -->
<testsuite hostname="DESKTOP-QD7MF90" failures="0" tests="1" name="com.vtiger.contactsTest.CreateContactByExcelAndPFTest" time="83.718" errors="0" timestamp="2022-05-18T11:09:23 IST" skipped="0">
  <testcase classname="com.vtiger.contactsTest.CreateContactByExcelAndPFTest" name="createContactByExcelAndPFTest" time="83.718"/>
  <system-out/>
</testsuite> <!-- com.vtiger.contactsTest.CreateContactByExcelAndPFTest -->
