<?xml version="1.0" encoding="UTF-8"?>
<!-- Generated by org.testng.reporters.JUnitReportReporter -->
<testsuite hostname="DESKTOP-QD7MF90" failures="0" tests="1" name="com.vtiger.contactsTest.CreateContactWithOrganizationTest" time="37.078" errors="0" timestamp="2022-05-20T21:31:03 IST" skipped="0">
  <testcase classname="com.vtiger.contactsTest.CreateContactWithOrganizationTest" name="createContactWithOrganTest" time="37.078"/>
  <system-out/>
</testsuite> <!-- com.vtiger.contactsTest.CreateContactWithOrganizationTest -->
