<?xml version="1.0" encoding="UTF-8"?>
<!-- Generated by org.testng.reporters.JUnitReportReporter -->
<testsuite hostname="DESKTOP-QD7MF90" failures="0" tests="1" name="com.vtiger.contactsTest.CreateContactWithOrganTest" time="46.608" errors="0" timestamp="2022-05-18T12:36:56 IST" skipped="0">
  <testcase classname="com.vtiger.contactsTest.CreateContactWithOrganTest" name="createContactWithOrganTest" time="46.608"/>
  <system-out/>
</testsuite> <!-- com.vtiger.contactsTest.CreateContactWithOrganTest -->
