<?xml version="1.0" encoding="UTF-8"?>
<!-- Generated by org.testng.reporters.JUnitReportReporter -->
<testsuite hostname="DESKTOP-QD7MF90" failures="0" tests="1" name="com.vtiger.contactsTest.CreateFindDuplicatesTest" time="33.345" errors="0" timestamp="2022-05-20T12:10:20 IST" skipped="0">
  <testcase classname="com.vtiger.contactsTest.CreateFindDuplicatesTest" name="createFindDuplicatesTest91" time="33.345"/>
  <system-out/>
</testsuite> <!-- com.vtiger.contactsTest.CreateFindDuplicatesTest -->
