<?xml version="1.0" encoding="UTF-8"?>
<!-- Generated by org.testng.reporters.JUnitReportReporter -->
<testsuite hostname="DESKTOP-QD7MF90" failures="0" tests="1" name="com.vtiger.campaignsTest.CreateCampaignWithProductTest" time="130.402" errors="0" timestamp="2022-05-24T10:27:05 IST" skipped="0">
  <testcase classname="com.vtiger.campaignsTest.CreateCampaignWithProductTest" name="createCampaignWithProductTest" time="130.402"/>
  <system-out/>
</testsuite> <!-- com.vtiger.campaignsTest.CreateCampaignWithProductTest -->
