<?xml version="1.0" encoding="UTF-8"?>
<!-- Generated by org.testng.reporters.JUnitReportReporter -->
<testsuite hostname="DESKTOP-QD7MF90" failures="0" tests="1" name="com.vtiger.contactsTest.CreateContactTest" time="30.313" errors="0" timestamp="2022-05-20T21:29:47 IST" skipped="0">
  <testcase classname="com.vtiger.contactsTest.CreateContactTest" name="createContactAndvalidateInExcel" time="30.313"/>
  <system-out/>
</testsuite> <!-- com.vtiger.contactsTest.CreateContactTest -->
