<?xml version="1.0" encoding="UTF-8"?>
<!-- Generated by org.testng.reporters.JUnitReportReporter -->
<testsuite hostname="DESKTOP-QD7MF90" failures="0" tests="2" name="com.vtiger.practice.CreatePractice1Test" time="0.014" errors="0" timestamp="2022-05-17T15:00:42 IST" skipped="0">
  <testcase classname="com.vtiger.practice.CreatePractice1Test" name="practice2Test" time="0.004"/>
  <system-out>
    <![CDATA[practice2]]>
  </system-out>
  <testcase classname="com.vtiger.practice.CreatePractice1Test" name="practice1Test" time="0.010"/>
  <system-out>
    <![CDATA[practice1]]>
  </system-out>
</testsuite> <!-- com.vtiger.practice.CreatePractice1Test -->
