<?xml version="1.0" encoding="UTF-8"?>
<!-- Generated by org.testng.reporters.JUnitReportReporter -->
<testsuite hostname="DESKTOP-QD7MF90" failures="0" tests="1" name="com.vtiger.productsTest.FetchDatafromPfTest" time="33.523" errors="0" timestamp="2022-05-18T13:41:42 IST" skipped="0">
  <testcase classname="com.vtiger.productsTest.FetchDatafromPfTest" name="fetchDatafromPfTest" time="33.523"/>
  <system-out/>
</testsuite> <!-- com.vtiger.productsTest.FetchDatafromPfTest -->
