<?xml version="1.0" encoding="UTF-8"?>
<!-- Generated by org.testng.reporters.JUnitReportReporter -->
<testsuite hostname="DESKTOP-QD7MF90" failures="0" tests="1" name="com.vtiger.contactsTest.CreateContactsTest" time="33.626" errors="0" timestamp="2022-05-20T21:28:26 IST" skipped="0">
  <testcase classname="com.vtiger.contactsTest.CreateContactsTest" name="createContactByExcelAndPFTest" time="33.626"/>
  <system-out/>
</testsuite> <!-- com.vtiger.contactsTest.CreateContactsTest -->
