<?xml version="1.0" encoding="UTF-8"?>
<!-- Generated by org.testng.reporters.JUnitReportReporter -->
<testsuite hostname="DESKTOP-QD7MF90" failures="0" tests="1" name="com.vtiger.campaignsTest.CreateCampaignTest" time="121.097" errors="0" timestamp="2022-06-06T14:31:17 IST" skipped="0">
  <testcase classname="com.vtiger.campaignsTest.CreateCampaignTest" name="createCampaignByExcelAndPFTest" time="121.097"/>
  <system-out/>
</testsuite> <!-- com.vtiger.campaignsTest.CreateCampaignTest -->
