<?xml version="1.0" encoding="UTF-8"?>
<!-- Generated by org.testng.reporters.JUnitReportReporter -->
<testsuite hostname="DESKTOP-QD7MF90" failures="0" tests="1" name="com.vtiger.practice.TestNgPractTest" time="0.003" errors="0" timestamp="2022-05-20T10:25:04 IST" skipped="0">
  <testcase classname="com.vtiger.practice.TestNgPractTest" name="testNgPract1Test" time="0.003"/>
  <system-out>
    <![CDATA[TestNgPract1]]>
  </system-out>
</testsuite> <!-- com.vtiger.practice.TestNgPractTest -->
