<?xml version="1.0" encoding="UTF-8"?>
<!-- Generated by org.testng.reporters.JUnitReportReporter -->
<testsuite hostname="DESKTOP-QD7MF90" failures="0" tests="1" name="com.vtiger.productsTest.CreateProductByExcelAndPfTest" time="36.349" errors="0" timestamp="2022-05-18T13:27:51 IST" skipped="0">
  <testcase classname="com.vtiger.productsTest.CreateProductByExcelAndPfTest" name="createProductByExcelAndPfTest" time="36.349"/>
  <system-out/>
</testsuite> <!-- com.vtiger.productsTest.CreateProductByExcelAndPfTest -->
