<?xml version="1.0" encoding="UTF-8"?>
<!-- Generated by org.testng.reporters.JUnitReportReporter -->
<testsuite hostname="DESKTOP-QD7MF90" failures="0" tests="1" name="com.vtiger.organisationTest.CreateOrganisationTest" time="39.730" errors="0" timestamp="2022-05-20T21:49:28 IST" skipped="0">
  <testcase classname="com.vtiger.organisationTest.CreateOrganisationTest" name="createOrganisationByExcelAndPFTest" time="39.730"/>
  <system-out/>
</testsuite> <!-- com.vtiger.organisationTest.CreateOrganisationTest -->
