<?xml version="1.0" encoding="UTF-8"?>
<!-- Generated by org.testng.reporters.JUnitReportReporter -->
<testsuite hostname="DESKTOP-QD7MF90" failures="0" tests="1" name="com.vtiger.campaignsTest.CreateCampaignByExcelAndPFTest" time="72.571" errors="0" timestamp="2022-05-17T15:49:58 IST" skipped="0">
  <testcase classname="com.vtiger.campaignsTest.CreateCampaignByExcelAndPFTest" name="createCampaignByExcelAndPFTest" time="72.571"/>
  <system-out/>
</testsuite> <!-- com.vtiger.campaignsTest.CreateCampaignByExcelAndPFTest -->
