<?xml version="1.0" encoding="UTF-8"?>
<!-- Generated by org.testng.reporters.JUnitReportReporter -->
<testsuite hostname="DESKTOP-QD7MF90" failures="0" tests="1" name="com.vtiger.practice.CalenderPopup1" time="71.908" errors="0" timestamp="2022-06-08T12:29:19 IST" skipped="0">
  <testcase classname="com.vtiger.practice.CalenderPopup1" name="calenderPopup1" time="71.908"/>
  <system-out/>
</testsuite> <!-- com.vtiger.practice.CalenderPopup1 -->
