<?xml version="1.0" encoding="UTF-8"?>
<!-- Generated by org.testng.reporters.JUnitReportReporter -->
<testsuite hostname="DESKTOP-QD7MF90" failures="0" tests="1" name="com.vtiger.documentsTest.CreateDocumentsTest" time="87.558" errors="0" timestamp="2022-05-20T21:45:53 IST" skipped="0">
  <testcase classname="com.vtiger.documentsTest.CreateDocumentsTest" name="createDocumentsTest" time="87.558"/>
  <system-out/>
</testsuite> <!-- com.vtiger.documentsTest.CreateDocumentsTest -->
