<?xml version="1.0" encoding="UTF-8"?>
<!-- Generated by org.testng.reporters.JUnitReportReporter -->
<testsuite hostname="DESKTOP-QD7MF90" failures="0" tests="1" name="com.vtiger.organisationTest.DeleteOrganizationTest" time="63.480" errors="0" timestamp="2022-06-03T15:05:55 IST" skipped="0">
  <testcase classname="com.vtiger.organisationTest.DeleteOrganizationTest" name="createOrganisationByExcelAndPFTest" time="63.480"/>
  <system-out/>
</testsuite> <!-- com.vtiger.organisationTest.DeleteOrganizationTest -->
