<?xml version="1.0" encoding="UTF-8"?>
<!-- Generated by org.testng.reporters.JUnitReportReporter -->
<testsuite hostname="DESKTOP-QD7MF90" failures="0" tests="7" name="com.vtiger.practice.TestNGPractice1Test" time="0.018" errors="0" timestamp="2022-05-17T17:58:37 IST" skipped="0">
  <testcase classname="com.vtiger.practice.TestNGPractice1Test" name="practice1Test" time="0.001"/>
  <system-out>
    <![CDATA[admin4   ----->   admin4]]>
  </system-out>
  <testcase classname="com.vtiger.practice.TestNGPractice1Test" name="practice1Test" time="0.009"/>
  <system-out>
    <![CDATA[username   ----->   password]]>
  </system-out>
  <testcase classname="com.vtiger.practice.TestNGPractice1Test" name="practice1Test" time="0.002"/>
  <system-out>
    <![CDATA[admin2   ----->   admin2]]>
  </system-out>
  <testcase classname="com.vtiger.practice.TestNGPractice1Test" name="practice1Test" time="0.001"/>
  <system-out>
    <![CDATA[admin1   ----->   admin1]]>
  </system-out>
  <testcase classname="com.vtiger.practice.TestNGPractice1Test" name="practice1Test" time="0.002"/>
  <system-out>
    <![CDATA[admin6   ----->   admin6]]>
  </system-out>
  <testcase classname="com.vtiger.practice.TestNGPractice1Test" name="practice1Test" time="0.002"/>
  <system-out>
    <![CDATA[admin3   ----->   admin3]]>
  </system-out>
  <testcase classname="com.vtiger.practice.TestNGPractice1Test" name="practice1Test" time="0.001"/>
  <system-out>
    <![CDATA[admin5   ----->   admin5]]>
  </system-out>
</testsuite> <!-- com.vtiger.practice.TestNGPractice1Test -->
