<?xml version="1.0" encoding="UTF-8"?>
<!-- Generated by org.testng.reporters.JUnitReportReporter -->
<testsuite hostname="DESKTOP-QD7MF90" failures="0" tests="2" name="com.vtiger.practice.TestNgBasicConfigurationAnnotationPractice1Test" time="0.014" errors="0" timestamp="2022-05-20T10:25:04 IST" skipped="0">
  <testcase classname="com.vtiger.practice.TestNgBasicConfigurationAnnotationPractice1Test" name="test2Test" time="0.004"/>
  <system-out>
    <![CDATA[test2]]>
  </system-out>
  <testcase classname="com.vtiger.practice.TestNgBasicConfigurationAnnotationPractice1Test" name="test1Test" time="0.010"/>
  <system-out>
    <![CDATA[test1]]>
  </system-out>
</testsuite> <!-- com.vtiger.practice.TestNgBasicConfigurationAnnotationPractice1Test -->
